Failed to get ticker '6015.TWO' reason: Failed to perform, curl: (28) Connection timed out after 10002 milliseconds. See https://curl.se/libcurl/c/libcurl-errors.html first for more details.
Failed to get ticker '5355.TWO' reason: Failed to perform, curl: (28) Connection timed out after 10002 milliseconds. See https://curl.se/libcurl/c/libcurl-errors.html first for more details.

2 Failed downloads:
['5905.TWO', '5548.TWO']: TypeError("'NoneType' object is not subscriptable")
Failed to get ticker '6148.TWO' reason: Failed to perform, curl: (28) Operation timed out after 10001 milliseconds with 0 bytes received. See https://curl.se/libcurl/c/libcurl-errors.html first for more details.
Failed to get ticker '6221.TWO' reason: Failed to perform, curl: (28) Connection timed out after 10002 milliseconds. See https://curl.se/libcurl/c/libcurl-errors.html first for more details.
Failed to get ticker '6222.TWO' reason: Failed to perform, curl: (28) Operation timed out after 10002 milliseconds with 0 bytes received. See https://curl.se/libcurl/c/libcurl-errors.html first for more details.
Failed to get ticker '6220.TWO' reason: Failed to perform, curl: (28) Connection timed out after 10002 milliseconds. See https://curl.se/libcurl/c/libcurl-errors.html first for more details.
Failed to get ticker '6143.TWO' reason: Failed to perform, curl: (28) Connection timed out after 10002 milliseconds. See https://curl.se/libcurl/c/libcurl-errors.html first for more details.
Failed to get ticker '6150.TWO' reason: Failed to perform, curl: (28) Connection timed out after 10002 milliseconds. See https://curl.se/libcurl/c/libcurl-errors.html first for more details.
Failed to get ticker '6121.TWO' reason: Failed to perform, curl: (28) Connection timed out after 10002 milliseconds. See https://curl.se/libcurl/c/libcurl-errors.html first for more details.
Failed to get ticker '6026.TWO' reason: Failed to perform, curl: (28) Connection timed out after 10001 milliseconds. See https://curl.se/libcurl/c/libcurl-errors.html first for more details.
Failed to get ticker '6158.TWO' reason: Failed to perform, curl: (28) Connection timed out after 10002 milliseconds. See https://curl.se/libcurl/c/libcurl-errors.html first for more details.
Failed to get ticker '6212.TWO' reason: Failed to perform, curl: (28) Resolving timed out after 10002 milliseconds. See https://curl.se/libcurl/c/libcurl-errors.html first for more details.
Failed to get ticker '6171.TWO' reason: Failed to perform, curl: (28) Resolving timed out after 10002 milliseconds. See https://curl.se/libcurl/c/libcurl-errors.html first for more details.
Failed to get ticker '6204.TWO' reason: Failed to perform, curl: (28) Resolving timed out after 10002 milliseconds. See https://curl.se/libcurl/c/libcurl-errors.html first for more details.
Failed to get ticker '6210.TWO' reason: Failed to perform, curl: (28) Resolving timed out after 10001 milliseconds. See https://curl.se/libcurl/c/libcurl-errors.html first for more details.
Failed to get ticker '6140.TWO' reason: Failed to perform, curl: (28) Operation timed out after 10001 milliseconds with 0 bytes received. See https://curl.se/libcurl/c/libcurl-errors.html first for more details.
Failed to get ticker '6187.TWO' reason: Failed to perform, curl: (28) Operation timed out after 10001 milliseconds with 0 bytes received. See https://curl.se/libcurl/c/libcurl-errors.html first for more details.
Failed to get ticker '6219.TWO' reason: Failed to perform, curl: (28) Operation timed out after 10001 milliseconds with 0 bytes received. See https://curl.se/libcurl/c/libcurl-errors.html first for more details.

12 Failed downloads:
['6154.TWO', '6233.TWO', '6125.TWO', '6234.TWO', '6221.TWO', '6222.TWO', '6220.TWO', '6143.TWO', '6150.TWO', '6121.TWO', '6158.TWO', '6026.TWO']: TypeError("'NoneType' object is not subscriptable")
Failed to get ticker '6763.TWO' reason: Failed to perform, curl: (28) Connection timed out after 10001 milliseconds. See https://curl.se/libcurl/c/libcurl-errors.html first for more details.
Failed to get ticker '6624.TWO' reason: Failed to perform, curl: (28) Connection timed out after 10001 milliseconds. See https://curl.se/libcurl/c/libcurl-errors.html first for more details.
Failed to get ticker '1721.TW' reason: Failed to perform, curl: (28) Connection timed out after 10001 milliseconds. See https://curl.se/libcurl/c/libcurl-errors.html first for more details.
Failed to get ticker '2031.TW' reason: Failed to perform, curl: (28) Connection timed out after 10002 milliseconds. See https://curl.se/libcurl/c/libcurl-errors.html first for more details.
Failed to get ticker '2024.TW' reason: Failed to perform, curl: (28) Operation timed out after 10001 milliseconds with 0 bytes received. See https://curl.se/libcurl/c/libcurl-errors.html first for more details.
Failed to get ticker '2104.TW' reason: Failed to perform, curl: (28) Operation timed out after 10002 milliseconds with 0 bytes received. See https://curl.se/libcurl/c/libcurl-errors.html first for more details.
Failed to get ticker '2020.TW' reason: Failed to perform, curl: (28) Operation timed out after 10002 milliseconds with 0 bytes received. See https://curl.se/libcurl/c/libcurl-errors.html first for more details.
Failed to get ticker '2029.TW' reason: Failed to perform, curl: (28) Operation timed out after 10002 milliseconds with 0 bytes received. See https://curl.se/libcurl/c/libcurl-errors.html first for more details.
Failed to get ticker '2006.TW' reason: Failed to perform, curl: (28) Connection timed out after 10001 milliseconds. See https://curl.se/libcurl/c/libcurl-errors.html first for more details.
Failed to get ticker '2106.TW' reason: Failed to perform, curl: (28) Connection timed out after 10002 milliseconds. See https://curl.se/libcurl/c/libcurl-errors.html first for more details.
Failed to get ticker '1714.TW' reason: Failed to perform, curl: (28) Connection timed out after 10002 milliseconds. See https://curl.se/libcurl/c/libcurl-errors.html first for more details.
Failed to get ticker '1760.TW' reason: Failed to perform, curl: (28) Operation timed out after 10002 milliseconds with 0 bytes received. See https://curl.se/libcurl/c/libcurl-errors.html first for more details.
Failed to get ticker '1727.TW' reason: Failed to perform, curl: (28) Connection timed out after 10002 milliseconds. See https://curl.se/libcurl/c/libcurl-errors.html first for more details.
Failed to get ticker '2007.TW' reason: Failed to perform, curl: (28) Connection timed out after 10002 milliseconds. See https://curl.se/libcurl/c/libcurl-errors.html first for more details.
Failed to get ticker '2033.TW' reason: Failed to perform, curl: (28) Connection timed out after 10002 milliseconds. See https://curl.se/libcurl/c/libcurl-errors.html first for more details.
Failed to get ticker '2025.TW' reason: Failed to perform, curl: (28) Connection timed out after 10002 milliseconds. See https://curl.se/libcurl/c/libcurl-errors.html first for more details.
Failed to get ticker '1809.TW' reason: Failed to perform, curl: (28) Operation timed out after 10001 milliseconds with 0 bytes received. See https://curl.se/libcurl/c/libcurl-errors.html first for more details.
Failed to get ticker '2032.TW' reason: Failed to perform, curl: (28) Operation timed out after 10001 milliseconds with 0 bytes received. See https://curl.se/libcurl/c/libcurl-errors.html first for more details.
================================================================
台股做多選股器
  價格區間:NT$20 ~ NT$100 (一張約 NT$20,000 ~ 100,000)
  流動性:近20日均量 >= 500,000 股
================================================================
[1/4] 股票清單:1925 檔(both)
[2/4] 下載 K 線(回看 365 天)...
  快取命中 400 檔,需下載 1525 檔...
[3/4] 偵測形態 / 趨勢(有效資料 1925 檔)...
[4/4] 命中 389 檔,輸出結果...
  → 清單已存:output/screener_results.csv
  → K 線圖已存:output/charts/

================================================================
完成!命中 389 檔。前 15 名:
================================================================
代號    名稱             收盤       一張成本     分數  做多形態
6153  嘉聯益         20.30     20,300   2.69  雙重底/W底、頭肩底
3176  基亞          32.85     32,850   2.54  雙重底/W底、頭肩底、雙跳空向上(連續跳空,強勢)
2324  仁寶          36.15     36,150   2.51  雙重底/W底、頭肩底、雙跳空向上(連續跳空,強勢)
6134  萬旭          35.45     35,450   2.49  雙重底/W底、頭肩底、跳空向上(突破缺口)
6186  新潤          41.00     41,000   2.46  雙重底/W底、頭肩底
4923  力士          43.20     43,200   2.45  雙重底/W底、頭肩底、雙跳空向上(連續跳空,強勢)
1524  耿鼎          29.75     29,750   2.43  雙重底/W底、頭肩底、雙跳空向上(連續跳空,強勢)
2206  三陽工業        61.20     61,200   2.41  雙重底/W底、頭肩底
8076  伍豐          26.90     26,900   2.37  雙重底/W底、頭肩底、跳空向上(突破缺口)
2352  佳世達         30.05     30,050   2.36  雙重底/W底、頭肩底、雙跳空向上(連續跳空,強勢)
2520  冠德          33.40     33,400   2.34  雙重底/W底、頭肩底
2406  國碩          39.40     39,400   2.32  雙重底/W底、頭肩底
2606  裕民          67.70     67,700   2.31  雙重底/W底、頭肩底、跳空向上(突破缺口)
3663  鑫科          69.30     69,300   2.25  雙重底/W底、頭肩底
6282  康舒          57.20     57,200   2.21  雙重底/W底、頭肩底
